main.c(112): Error! E1172: Expecting struct/union tag but found '$'
main.c(115): Error! E1022: Missing or misspelled data type near '}'
main.c(115): Error! E1026: Invalid declarator
main.c(115): Warning! W114: Missing semicolon
main.c(115): Error! E1026: Invalid declarator
main.c(297): Warning! W131: No prototype found for function 'vDisplayMessage'
main.c(332): Warning! W131: No prototype found for function 'vWriteMessageToDisk'
main.c(365): Warning! W131: No prototype found for function 'xAreComTestTasksStillRunning'
main.c(371): Warning! W131: No prototype found for function 'xAreBlockingQueuesStillRunning'
main.c(377): Warning! W131: No prototype found for function 'xAreAltBlockingQueuesStillRunning'
main.c(383): Warning! W131: No prototype found for function 'xArePollingQueuesStillRunning'
main.c(389): Warning! W131: No prototype found for function 'xAreAltPollingQueuesStillRunning'
main.c(395): Warning! W131: No prototype found for function 'xIsCreateTaskStillRunning'
main.c(401): Warning! W131: No prototype found for function 'xAreSemaphoreTasksStillRunning'
main.c(407): Warning! W131: No prototype found for function 'xAreDynamicPriorityTasksStillRunning'
main.c(413): Warning! W131: No prototype found for function 'xAreMultiEventTasksStillRunning'
main.c(419): Warning! W131: No prototype found for function 'xAreFlashCoRoutinesStillRunning'
main.c(425): Warning! W131: No prototype found for function 'xAreHookCoRoutinesStillRunning'
main.c(431): Warning! W131: No prototype found for function 'xAreBlockTimeTestTasksStillRunning'
main.c(437): Warning! W131: No prototype found for function 'xAreAltBlockTimeTestTasksStillRunning'
main.c(443): Warning! W131: No prototype found for function 'xAreGenericQueueTasksStillRunning'
main.c(449): Warning! W131: No prototype found for function 'xAreAltGenericQueueTasksStillRunning'
main.c(455): Warning! W131: No prototype found for function 'xAreQueuePeekTasksStillRunning'
main.c(461): Warning! W131: No prototype found for function 'xAreCountingSemaphoreTasksStillRunning'
main.c(467): Warning! W131: No prototype found for function 'xAreRecursiveMutexTasksStillRunning'
main.c(512): Warning! W131: No prototype found for function 'vStartMathTasks'
main.c(523): Warning! W131: No prototype found for function 'xAreMathsTaskStillRunning'
main.c(506): Warning! W202: Symbol 'prvStartMathTasks' has been defined, but not referenced
